[2024-11-24 16:30:40,913: INFO: common: yaml file: config/config.yaml loaded successfully]
[2024-11-24 16:30:40,917: INFO: common: yaml file: params.yaml loaded successfully]
[2024-11-24 16:30:40,918: INFO: common: created directory at: artifacts]
[2024-11-24 16:30:40,918: INFO: common: created directory at: artifacts/data_ingestion]
[2024-11-24 16:30:41,599: INFO: 1434958058: artifacts/data_ingestion/data.zip download! with following info: 
Connection: close
Content-Length: 7903594
Cache-Control: max-age=300
Content-Security-Policy: default-src 'none'; style-src 'unsafe-inline'; sandbox
Content-Type: application/zip
ETag: "dbc016a060da18070593b83afff580c9b300f0b6ea4147a7988433e04df246ca"
Strict-Transport-Security: max-age=31536000
X-Content-Type-Options: nosniff
X-Frame-Options: deny
X-XSS-Protection: 1; mode=block
X-GitHub-Request-Id: 0E1D:1997E6:720FDB:7E3691:67439AB2
Accept-Ranges: bytes
Date: Sun, 24 Nov 2024 21:29:22 GMT
Via: 1.1 varnish
X-Served-By: cache-ewr-kewr1740039-EWR
X-Cache: MISS
X-Cache-Hits: 0
X-Timer: S1732483762.209017,VS0,VE103
Vary: Authorization,Accept-Encoding,Origin
Access-Control-Allow-Origin: *
Cross-Origin-Resource-Policy: cross-origin
X-Fastly-Request-ID: d999bf31ac7fdffd67ea25c872f637737681b787
Expires: Sun, 24 Nov 2024 21:34:22 GMT
Source-Age: 0

]
[2024-11-24 16:53:47,792: INFO: main: >>>>>> stage Data Ingestion stage started <<<<<<]
[2024-11-24 16:53:47,793: INFO: common: yaml file: config/config.yaml loaded successfully]
[2024-11-24 16:53:47,794: INFO: common: yaml file: params.yaml loaded successfully]
[2024-11-24 16:53:47,794: INFO: common: created directory at: artifacts]
[2024-11-24 16:53:47,794: INFO: common: created directory at: artifacts/data_ingestion]
[2024-11-24 16:53:48,563: INFO: data_ingestion: artifacts/data_ingestion/data.zip download! with following info: 
Connection: close
Content-Length: 7903594
Cache-Control: max-age=300
Content-Security-Policy: default-src 'none'; style-src 'unsafe-inline'; sandbox
Content-Type: application/zip
ETag: "dbc016a060da18070593b83afff580c9b300f0b6ea4147a7988433e04df246ca"
Strict-Transport-Security: max-age=31536000
X-Content-Type-Options: nosniff
X-Frame-Options: deny
X-XSS-Protection: 1; mode=block
X-GitHub-Request-Id: 0E1D:1997E6:720FDB:7E3691:67439AB2
Accept-Ranges: bytes
Date: Sun, 24 Nov 2024 21:52:29 GMT
Via: 1.1 varnish
X-Served-By: cache-ewr-kewr1740075-EWR
X-Cache: HIT
X-Cache-Hits: 0
X-Timer: S1732485149.210220,VS0,VE46
Vary: Authorization,Accept-Encoding,Origin
Access-Control-Allow-Origin: *
Cross-Origin-Resource-Policy: cross-origin
X-Fastly-Request-ID: 7941e9ad1315f2aa2be8ebafe2cb93478b74cf53
Expires: Sun, 24 Nov 2024 21:57:29 GMT
Source-Age: 0

]
[2024-11-24 16:53:48,679: INFO: main: >>>>>> stage Data Ingestion stage completed <<<<<<

x==========x]
